[0.153s] DEBUG:colcon:Command line arguments: ['/usr/bin/colcon', 'build', '--packages-select', 'my_hello_package']
[0.153s] DEBUG:colcon:Parsed command line arguments: Namespace(log_base=None, log_level=None, verb_name='build', build_base='build', install_base='install', merge_install=False, symlink_install=False, test_result_base=None, continue_on_error=False, executor='parallel', parallel_workers=16, event_handlers=None, ignore_user_meta=False, metas=['./colcon.meta'], base_paths=['.'], packages_ignore=None, packages_ignore_regex=None, paths=None, packages_up_to=None, packages_up_to_regex=None, packages_above=None, packages_above_and_dependencies=None, packages_above_depth=None, packages_select_by_dep=None, packages_skip_by_dep=None, packages_skip_up_to=None, packages_select_build_failed=False, packages_skip_build_finished=False, packages_select_test_failures=False, packages_skip_test_passed=False, packages_select=['my_hello_package'], packages_skip=None, packages_select_regex=None, packages_skip_regex=None, packages_start=None, packages_end=None, allow_overriding=[], cmake_args=None, cmake_target=None, cmake_target_skip_unavailable=False, cmake_clean_cache=False, cmake_clean_first=False, cmake_force_configure=False, ament_cmake_args=None, catkin_cmake_args=None, catkin_skip_building_tests=False, mixin_files=None, mixin=None, verb_parser=<colcon_mixin.mixin.mixin_argument.MixinArgumentDecorator object at 0x7fd1e7ff3230>, verb_extension=<colcon_core.verb.build.BuildVerb object at 0x7fd1e7f89100>, main=<bound method BuildVerb.main of <colcon_core.verb.build.BuildVerb object at 0x7fd1e7f89100>>, mixin_verb=('build',))
[0.192s] Level 1:colcon.colcon_core.package_discovery:discover_packages(colcon_meta) check parameters
[0.192s] Level 1:colcon.colcon_core.package_discovery:discover_packages(recursive) check parameters
[0.192s] Level 1:colcon.colcon_core.package_discovery:discover_packages(ignore) check parameters
[0.192s] Level 1:colcon.colcon_core.package_discovery:discover_packages(path) check parameters
[0.192s] Level 1:colcon.colcon_core.package_discovery:discover_packages(colcon_meta) discover
[0.192s] Level 1:colcon.colcon_core.package_discovery:discover_packages(recursive) discover
[0.192s] INFO:colcon.colcon_core.package_discovery:Crawling recursively for packages in '/home/asveenram/ros2_ws'
[0.192s] Level 1:colcon.colcon_core.package_identification:_identify(.) by extensions ['ignore', 'ignore_ament_install']
[0.193s] Level 1:colcon.colcon_core.package_identification:_identify(.) by extension 'ignore'
[0.193s] Level 1:colcon.colcon_core.package_identification:_identify(.) by extension 'ignore_ament_install'
[0.193s] Level 1:colcon.colcon_core.package_identification:_identify(.) by extensions ['colcon_pkg']
[0.193s] Level 1:colcon.colcon_core.package_identification:_identify(.) by extension 'colcon_pkg'
[0.193s] Level 1:colcon.colcon_core.package_identification:_identify(.) by extensions ['colcon_meta']
[0.193s] Level 1:colcon.colcon_core.package_identification:_identify(.) by extension 'colcon_meta'
[0.193s] Level 1:colcon.colcon_core.package_identification:_identify(.) by extensions ['ros']
[0.193s] Level 1:colcon.colcon_core.package_identification:_identify(.) by extension 'ros'
[0.214s] Level 1:colcon.colcon_core.package_identification:_identify(.) by extensions ['cmake', 'python']
[0.214s] Level 1:colcon.colcon_core.package_identification:_identify(.) by extension 'cmake'
[0.215s] Level 1:colcon.colcon_core.package_identification:_identify(.) by extension 'python'
[0.215s] Level 1:colcon.colcon_core.package_identification:_identify(.) by extensions ['python_setup_py']
[0.215s] Level 1:colcon.colcon_core.package_identification:_identify(.) by extension 'python_setup_py'
[0.215s] Level 1:colcon.colcon_core.package_identification:_identify(build) by extensions ['ignore', 'ignore_ament_install']
[0.215s] Level 1:colcon.colcon_core.package_identification:_identify(build) by extension 'ignore'
[0.215s] Level 1:colcon.colcon_core.package_identification:_identify(build) ignored
[0.215s] Level 1:colcon.colcon_core.package_identification:_identify(install) by extensions ['ignore', 'ignore_ament_install']
[0.215s] Level 1:colcon.colcon_core.package_identification:_identify(install) by extension 'ignore'
[0.215s] Level 1:colcon.colcon_core.package_identification:_identify(install) ignored
[0.215s] Level 1:colcon.colcon_core.package_identification:_identify(log) by extensions ['ignore', 'ignore_ament_install']
[0.215s] Level 1:colcon.colcon_core.package_identification:_identify(log) by extension 'ignore'
[0.215s] Level 1:colcon.colcon_core.package_identification:_identify(log) ignored
[0.215s] Level 1:colcon.colcon_core.package_identification:_identify(src) by extensions ['ignore', 'ignore_ament_install']
[0.215s] Level 1:colcon.colcon_core.package_identification:_identify(src) by extension 'ignore'
[0.215s] Level 1:colcon.colcon_core.package_identification:_identify(src) by extension 'ignore_ament_install'
[0.215s] Level 1:colcon.colcon_core.package_identification:_identify(src) by extensions ['colcon_pkg']
[0.215s] Level 1:colcon.colcon_core.package_identification:_identify(src) by extension 'colcon_pkg'
[0.215s] Level 1:colcon.colcon_core.package_identification:_identify(src) by extensions ['colcon_meta']
[0.215s] Level 1:colcon.colcon_core.package_identification:_identify(src) by extension 'colcon_meta'
[0.215s] Level 1:colcon.colcon_core.package_identification:_identify(src) by extensions ['ros']
[0.215s] Level 1:colcon.colcon_core.package_identification:_identify(src) by extension 'ros'
[0.215s] Level 1:colcon.colcon_core.package_identification:_identify(src) by extensions ['cmake', 'python']
[0.215s] Level 1:colcon.colcon_core.package_identification:_identify(src) by extension 'cmake'
[0.215s] Level 1:colcon.colcon_core.package_identification:_identify(src) by extension 'python'
[0.215s] Level 1:colcon.colcon_core.package_identification:_identify(src) by extensions ['python_setup_py']
[0.215s] Level 1:colcon.colcon_core.package_identification:_identify(src) by extension 'python_setup_py'
[0.215s] Level 1:colcon.colcon_core.package_identification:_identify(src/my_hello_package) by extensions ['ignore', 'ignore_ament_install']
[0.215s] Level 1:colcon.colcon_core.package_identification:_identify(src/my_hello_package) by extension 'ignore'
[0.215s] Level 1:colcon.colcon_core.package_identification:_identify(src/my_hello_package) by extension 'ignore_ament_install'
[0.215s] Level 1:colcon.colcon_core.package_identification:_identify(src/my_hello_package) by extensions ['colcon_pkg']
[0.216s] Level 1:colcon.colcon_core.package_identification:_identify(src/my_hello_package) by extension 'colcon_pkg'
[0.216s] Level 1:colcon.colcon_core.package_identification:_identify(src/my_hello_package) by extensions ['colcon_meta']
[0.216s] Level 1:colcon.colcon_core.package_identification:_identify(src/my_hello_package) by extension 'colcon_meta'
[0.216s] Level 1:colcon.colcon_core.package_identification:_identify(src/my_hello_package) by extensions ['ros']
[0.216s] Level 1:colcon.colcon_core.package_identification:_identify(src/my_hello_package) by extension 'ros'
[0.217s] DEBUG:colcon.colcon_core.package_identification:Package 'src/my_hello_package' with type 'ros.ament_cmake' and name 'my_hello_package'
[0.217s] Level 1:colcon.colcon_core.package_discovery:discover_packages(recursive) using defaults
[0.217s] Level 1:colcon.colcon_core.package_discovery:discover_packages(ignore) discover
[0.217s] Level 1:colcon.colcon_core.package_discovery:discover_packages(ignore) using defaults
[0.217s] Level 1:colcon.colcon_core.package_discovery:discover_packages(path) discover
[0.217s] Level 1:colcon.colcon_core.package_discovery:discover_packages(path) using defaults
[0.252s] Level 1:colcon.colcon_core.package_discovery:discover_packages(prefix_path) check parameters
[0.252s] Level 1:colcon.colcon_core.package_discovery:discover_packages(prefix_path) discover
[0.266s] DEBUG:colcon.colcon_installed_package_information.package_discovery:Found 365 installed packages in /home/asveenram/ros2_jazzy/install
[0.268s] DEBUG:colcon.colcon_installed_package_information.package_discovery:Found 285 installed packages in /opt/ros/jazzy
[0.273s] Level 1:colcon.colcon_core.package_discovery:discover_packages(prefix_path) using defaults
[0.512s] Level 5:colcon.colcon_core.verb:set package 'my_hello_package' build argument 'cmake_args' from command line to 'None'
[0.512s] Level 5:colcon.colcon_core.verb:set package 'my_hello_package' build argument 'cmake_target' from command line to 'None'
[0.512s] Level 5:colcon.colcon_core.verb:set package 'my_hello_package' build argument 'cmake_target_skip_unavailable' from command line to 'False'
[0.512s] Level 5:colcon.colcon_core.verb:set package 'my_hello_package' build argument 'cmake_clean_cache' from command line to 'False'
[0.512s] Level 5:colcon.colcon_core.verb:set package 'my_hello_package' build argument 'cmake_clean_first' from command line to 'False'
[0.512s] Level 5:colcon.colcon_core.verb:set package 'my_hello_package' build argument 'cmake_force_configure' from command line to 'False'
[0.512s] Level 5:colcon.colcon_core.verb:set package 'my_hello_package' build argument 'ament_cmake_args' from command line to 'None'
[0.512s] Level 5:colcon.colcon_core.verb:set package 'my_hello_package' build argument 'catkin_cmake_args' from command line to 'None'
[0.512s] Level 5:colcon.colcon_core.verb:set package 'my_hello_package' build argument 'catkin_skip_building_tests' from command line to 'False'
[0.512s] DEBUG:colcon.colcon_core.verb:Building package 'my_hello_package' with the following arguments: {'ament_cmake_args': None, 'build_base': '/home/asveenram/ros2_ws/build/my_hello_package', 'catkin_cmake_args': None, 'catkin_skip_building_tests': False, 'cmake_args': None, 'cmake_clean_cache': False, 'cmake_clean_first': False, 'cmake_force_configure': False, 'cmake_target': None, 'cmake_target_skip_unavailable': False, 'install_base': '/home/asveenram/ros2_ws/install/my_hello_package', 'merge_install': False, 'path': '/home/asveenram/ros2_ws/src/my_hello_package', 'symlink_install': False, 'test_result_base': None}
[0.512s] INFO:colcon.colcon_core.executor:Executing jobs using 'parallel' executor
[0.513s] DEBUG:colcon.colcon_parallel_executor.executor.parallel:run_until_complete
[0.513s] INFO:colcon.colcon_ros.task.ament_cmake.build:Building ROS package in '/home/asveenram/ros2_ws/src/my_hello_package' with build type 'ament_cmake'
[0.513s] INFO:colcon.colcon_cmake.task.cmake.build:Building CMake package in '/home/asveenram/ros2_ws/src/my_hello_package'
[0.518s] INFO:colcon.colcon_core.plugin_system:Skipping extension 'colcon_core.shell.bat': Not used on non-Windows systems
[0.519s] INFO:colcon.colcon_core.shell:Skip shell extension 'powershell' for command environment: Not usable outside of PowerShell
[0.519s] DEBUG:colcon.colcon_core.shell:Skip shell extension 'dsv' for command environment
[0.538s] DEBUG:colcon.colcon_core.event_handler.log_command:Invoking command in '/home/asveenram/ros2_ws/build/my_hello_package': CMAKE_PREFIX_PATH=${CMAKE_PREFIX_PATH}:/opt/ros/jazzy:/home/asveenram/ros2_jazzy/install/rqt_bag_plugins:/home/asveenram/ros2_jazzy/install/launch_testing_examples:/home/asveenram/ros2_jazzy/install/ros2bag:/home/asveenram/ros2_jazzy/install/rqt_bag:/home/asveenram/ros2_jazzy/install/rosbag2_examples_py:/home/asveenram/ros2_jazzy/install/tracetools_test:/home/asveenram/ros2_jazzy/install/tracetools_launch:/home/asveenram/ros2_jazzy/install/topic_monitor:/home/asveenram/ros2_jazzy/install/tf2_tools:/home/asveenram/ros2_jazzy/install/examples_tf2_py:/home/asveenram/ros2_jazzy/install/tf2_ros_py:/home/asveenram/ros2_jazzy/install/examples_rclpy_pointcloud_publisher:/home/asveenram/ros2_jazzy/install/sensor_msgs_py:/home/asveenram/ros2_jazzy/install/quality_of_service_demo_py:/home/asveenram/ros2_jazzy/install/camera_info_manager_py:/home/asveenram/ros2_jazzy/install/rqt_plot:/home/asveenram/ros2_jazzy/install/ros2doctor:/home/asveenram/ros2_jazzy/install/lifecycle_py:/home/asveenram/ros2_jazzy/install/examples_rclpy_minimal_subscriber:/home/asveenram/ros2_jazzy/install/examples_rclpy_minimal_service:/home/asveenram/ros2_jazzy/install/examples_rclpy_minimal_publisher:/home/asveenram/ros2_jazzy/install/examples_rclpy_minimal_client:/home/asveenram/ros2_jazzy/install/examples_rclpy_executors:/home/asveenram/ros2_jazzy/install/demo_nodes_py:/home/asveenram/ros2_jazzy/install/rqt:/home/asveenram/ros2_jazzy/install/ros2component:/home/asveenram/ros2_jazzy/install/sros2:/home/asveenram/ros2_jazzy/install/rqt_topic:/home/asveenram/ros2_jazzy/install/rqt_srv:/home/asveenram/ros2_jazzy/install/rqt_shell:/home/asveenram/ros2_jazzy/install/rqt_service_caller:/home/asveenram/ros2_jazzy/install/rqt_reconfigure:/home/asveenram/ros2_jazzy/install/rqt_py_console:/home/asveenram/ros2_jazzy/install/rqt_publisher:/home/asveenram/ros2_jazzy/install/rqt_action:/home/asveenram/ros2_jazzy/install/rqt_msg:/home/asveenram/ros2_jazzy/install/rqt_console:/home/asveenram/ros2_jazzy/install/rqt_graph:/home/asveenram/ros2_jazzy/install/rqt_gui_py:/home/asveenram/ros2_jazzy/install/rqt_gui:/home/asveenram/ros2_jazzy/install/ros2trace:/home/asveenram/ros2_jazzy/install/ros2param:/home/asveenram/ros2_jazzy/install/ros2lifecycle:/home/asveenram/ros2_jazzy/install/ros2service:/home/asveenram/ros2_jazzy/install/ros2topic:/home/asveenram/ros2_jazzy/install/ros2test:/home/asveenram/ros2_jazzy/install/ros2run:/home/asveenram/ros2_jazzy/install/ros2plugin:/home/asveenram/ros2_jazzy/install/ros2launch:/home/asveenram/ros2_jazzy/install/ros2pkg:/home/asveenram/ros2_jazzy/install/ros2node:/home/asveenram/ros2_jazzy/install/ros2multicast:/home/asveenram/ros2_jazzy/install/ros2interface:/home/asveenram/ros2_jazzy/install/ros2action:/home/asveenram/ros2_jazzy/install/ros2cli:/home/asveenram/ros2_jazzy/install/launch_testing_ros:/home/asveenram/ros2_jazzy/install/launch_ros:/home/asveenram/ros2_jazzy/install/examples_rclpy_minimal_action_server:/home/asveenram/ros2_jazzy/install/examples_rclpy_minimal_action_client:/home/asveenram/ros2_jazzy/install/examples_rclpy_guard_conditions:/home/asveenram/ros2_jazzy/install/action_tutorials_py:/home/asveenram/ros2_jazzy/install/ament_uncrustify:/home/asveenram/ros2_jazzy/install/tracetools_trace:/home/asveenram/ros2_jazzy/install/tracetools_read:/home/asveenram/ros2_jazzy/install/test_tracetools_launch:/home/asveenram/ros2_jazzy/install/test_ros2trace:/home/asveenram/ros2_jazzy/install/test_launch_ros:/home/asveenram/ros2_jazzy/install/rpyutils:/home/asveenram/ros2_jazzy/install/rosidl_runtime_py:/home/asveenram/ros2_jazzy/install/rosidl_pycommon:/home/asveenram/ros2_jazzy/install/rosidl_cli:/home/asveenram/ros2_jazzy/install/launch_pytest:/home/asveenram/ros2_jazzy/install/launch_testing:/home/asveenram/ros2_jazzy/install/launch_yaml:/home/asveenram/ros2_jazzy/install/launch_xml:/home/asveenram/ros2_jazzy/install/launch:/home/asveenram/ros2_jazzy/install/osrf_pycommon:/home/asveenram/ros2_jazzy/install/domain_coordinator:/home/asveenram/ros2_jazzy/install/ament_xmllint:/home/asveenram/ros2_jazzy/install/ament_pyflakes:/home/asveenram/ros2_jazzy/install/ament_pycodestyle:/home/asveenram/ros2_jazzy/install/ament_pep257:/home/asveenram/ros2_jazzy/install/ament_pclint:/home/asveenram/ros2_jazzy/install/ament_package:/home/asveenram/ros2_jazzy/install/ament_mypy:/home/asveenram/ros2_jazzy/install/ament_lint_cmake:/home/asveenram/ros2_jazzy/install/ament_flake8:/home/asveenram/ros2_jazzy/install/ament_copyright:/home/asveenram/ros2_jazzy/install/ament_lint:/home/asveenram/ros2_jazzy/install/ament_index_python:/home/asveenram/ros2_jazzy/install/ament_cpplint:/home/asveenram/ros2_jazzy/install/ament_cppcheck:/home/asveenram/ros2_jazzy/install/ament_clang_tidy:/home/asveenram/ros2_jazzy/install/ament_clang_format DEBUGINFOD_URLS=https://debuginfod.ubuntu.com /usr/bin/cmake /home/asveenram/ros2_ws/src/my_hello_package -DCMAKE_INSTALL_PREFIX=/home/asveenram/ros2_ws/install/my_hello_package
[0.554s] DEBUG:colcon.colcon_core.event_handler.log_command:Invoked command in '/home/asveenram/ros2_ws/build/my_hello_package' returned '1': CMAKE_PREFIX_PATH=${CMAKE_PREFIX_PATH}:/opt/ros/jazzy:/home/asveenram/ros2_jazzy/install/rqt_bag_plugins:/home/asveenram/ros2_jazzy/install/launch_testing_examples:/home/asveenram/ros2_jazzy/install/ros2bag:/home/asveenram/ros2_jazzy/install/rqt_bag:/home/asveenram/ros2_jazzy/install/rosbag2_examples_py:/home/asveenram/ros2_jazzy/install/tracetools_test:/home/asveenram/ros2_jazzy/install/tracetools_launch:/home/asveenram/ros2_jazzy/install/topic_monitor:/home/asveenram/ros2_jazzy/install/tf2_tools:/home/asveenram/ros2_jazzy/install/examples_tf2_py:/home/asveenram/ros2_jazzy/install/tf2_ros_py:/home/asveenram/ros2_jazzy/install/examples_rclpy_pointcloud_publisher:/home/asveenram/ros2_jazzy/install/sensor_msgs_py:/home/asveenram/ros2_jazzy/install/quality_of_service_demo_py:/home/asveenram/ros2_jazzy/install/camera_info_manager_py:/home/asveenram/ros2_jazzy/install/rqt_plot:/home/asveenram/ros2_jazzy/install/ros2doctor:/home/asveenram/ros2_jazzy/install/lifecycle_py:/home/asveenram/ros2_jazzy/install/examples_rclpy_minimal_subscriber:/home/asveenram/ros2_jazzy/install/examples_rclpy_minimal_service:/home/asveenram/ros2_jazzy/install/examples_rclpy_minimal_publisher:/home/asveenram/ros2_jazzy/install/examples_rclpy_minimal_client:/home/asveenram/ros2_jazzy/install/examples_rclpy_executors:/home/asveenram/ros2_jazzy/install/demo_nodes_py:/home/asveenram/ros2_jazzy/install/rqt:/home/asveenram/ros2_jazzy/install/ros2component:/home/asveenram/ros2_jazzy/install/sros2:/home/asveenram/ros2_jazzy/install/rqt_topic:/home/asveenram/ros2_jazzy/install/rqt_srv:/home/asveenram/ros2_jazzy/install/rqt_shell:/home/asveenram/ros2_jazzy/install/rqt_service_caller:/home/asveenram/ros2_jazzy/install/rqt_reconfigure:/home/asveenram/ros2_jazzy/install/rqt_py_console:/home/asveenram/ros2_jazzy/install/rqt_publisher:/home/asveenram/ros2_jazzy/install/rqt_action:/home/asveenram/ros2_jazzy/install/rqt_msg:/home/asveenram/ros2_jazzy/install/rqt_console:/home/asveenram/ros2_jazzy/install/rqt_graph:/home/asveenram/ros2_jazzy/install/rqt_gui_py:/home/asveenram/ros2_jazzy/install/rqt_gui:/home/asveenram/ros2_jazzy/install/ros2trace:/home/asveenram/ros2_jazzy/install/ros2param:/home/asveenram/ros2_jazzy/install/ros2lifecycle:/home/asveenram/ros2_jazzy/install/ros2service:/home/asveenram/ros2_jazzy/install/ros2topic:/home/asveenram/ros2_jazzy/install/ros2test:/home/asveenram/ros2_jazzy/install/ros2run:/home/asveenram/ros2_jazzy/install/ros2plugin:/home/asveenram/ros2_jazzy/install/ros2launch:/home/asveenram/ros2_jazzy/install/ros2pkg:/home/asveenram/ros2_jazzy/install/ros2node:/home/asveenram/ros2_jazzy/install/ros2multicast:/home/asveenram/ros2_jazzy/install/ros2interface:/home/asveenram/ros2_jazzy/install/ros2action:/home/asveenram/ros2_jazzy/install/ros2cli:/home/asveenram/ros2_jazzy/install/launch_testing_ros:/home/asveenram/ros2_jazzy/install/launch_ros:/home/asveenram/ros2_jazzy/install/examples_rclpy_minimal_action_server:/home/asveenram/ros2_jazzy/install/examples_rclpy_minimal_action_client:/home/asveenram/ros2_jazzy/install/examples_rclpy_guard_conditions:/home/asveenram/ros2_jazzy/install/action_tutorials_py:/home/asveenram/ros2_jazzy/install/ament_uncrustify:/home/asveenram/ros2_jazzy/install/tracetools_trace:/home/asveenram/ros2_jazzy/install/tracetools_read:/home/asveenram/ros2_jazzy/install/test_tracetools_launch:/home/asveenram/ros2_jazzy/install/test_ros2trace:/home/asveenram/ros2_jazzy/install/test_launch_ros:/home/asveenram/ros2_jazzy/install/rpyutils:/home/asveenram/ros2_jazzy/install/rosidl_runtime_py:/home/asveenram/ros2_jazzy/install/rosidl_pycommon:/home/asveenram/ros2_jazzy/install/rosidl_cli:/home/asveenram/ros2_jazzy/install/launch_pytest:/home/asveenram/ros2_jazzy/install/launch_testing:/home/asveenram/ros2_jazzy/install/launch_yaml:/home/asveenram/ros2_jazzy/install/launch_xml:/home/asveenram/ros2_jazzy/install/launch:/home/asveenram/ros2_jazzy/install/osrf_pycommon:/home/asveenram/ros2_jazzy/install/domain_coordinator:/home/asveenram/ros2_jazzy/install/ament_xmllint:/home/asveenram/ros2_jazzy/install/ament_pyflakes:/home/asveenram/ros2_jazzy/install/ament_pycodestyle:/home/asveenram/ros2_jazzy/install/ament_pep257:/home/asveenram/ros2_jazzy/install/ament_pclint:/home/asveenram/ros2_jazzy/install/ament_package:/home/asveenram/ros2_jazzy/install/ament_mypy:/home/asveenram/ros2_jazzy/install/ament_lint_cmake:/home/asveenram/ros2_jazzy/install/ament_flake8:/home/asveenram/ros2_jazzy/install/ament_copyright:/home/asveenram/ros2_jazzy/install/ament_lint:/home/asveenram/ros2_jazzy/install/ament_index_python:/home/asveenram/ros2_jazzy/install/ament_cpplint:/home/asveenram/ros2_jazzy/install/ament_cppcheck:/home/asveenram/ros2_jazzy/install/ament_clang_tidy:/home/asveenram/ros2_jazzy/install/ament_clang_format DEBUGINFOD_URLS=https://debuginfod.ubuntu.com /usr/bin/cmake /home/asveenram/ros2_ws/src/my_hello_package -DCMAKE_INSTALL_PREFIX=/home/asveenram/ros2_ws/install/my_hello_package
[0.566s] Level 1:colcon.colcon_core.environment:create_environment_scripts_only(my_hello_package)
[0.573s] Level 1:colcon.colcon_core.environment:checking '/home/asveenram/ros2_ws/install/my_hello_package' for CMake module files
[0.574s] Level 1:colcon.colcon_core.environment:checking '/home/asveenram/ros2_ws/install/my_hello_package' for CMake config files
[0.574s] Level 1:colcon.colcon_core.environment:checking '/home/asveenram/ros2_ws/install/my_hello_package/bin'
[0.574s] Level 1:colcon.colcon_core.environment:checking '/home/asveenram/ros2_ws/install/my_hello_package/lib/pkgconfig/my_hello_package.pc'
[0.574s] Level 1:colcon.colcon_core.environment:checking '/home/asveenram/ros2_ws/install/my_hello_package/lib/python3.12/site-packages'
[0.574s] Level 1:colcon.colcon_core.environment:checking '/home/asveenram/ros2_ws/install/my_hello_package/bin'
[0.575s] INFO:colcon.colcon_core.shell:Creating package script '/home/asveenram/ros2_ws/install/my_hello_package/share/my_hello_package/package.ps1'
[0.575s] INFO:colcon.colcon_core.shell:Creating package descriptor '/home/asveenram/ros2_ws/install/my_hello_package/share/my_hello_package/package.dsv'
[0.576s] INFO:colcon.colcon_core.shell:Creating package script '/home/asveenram/ros2_ws/install/my_hello_package/share/my_hello_package/package.sh'
[0.576s] INFO:colcon.colcon_core.shell:Creating package script '/home/asveenram/ros2_ws/install/my_hello_package/share/my_hello_package/package.bash'
[0.576s] INFO:colcon.colcon_core.shell:Creating package script '/home/asveenram/ros2_ws/install/my_hello_package/share/my_hello_package/package.zsh'
[0.577s] Level 1:colcon.colcon_core.environment:create_file_with_runtime_dependencies(/home/asveenram/ros2_ws/install/my_hello_package/share/colcon-core/packages/my_hello_package)
[0.587s] DEBUG:colcon.colcon_parallel_executor.executor.parallel:closing loop
[0.587s] DEBUG:colcon.colcon_parallel_executor.executor.parallel:loop closed
[0.587s] DEBUG:colcon.colcon_parallel_executor.executor.parallel:run_until_complete finished with '1'
[0.587s] DEBUG:colcon.colcon_core.event_reactor:joining thread
[0.604s] INFO:colcon.colcon_core.plugin_system:Skipping extension 'colcon_notification.desktop_notification.terminal_notifier': Not used on non-Darwin systems
[0.604s] INFO:colcon.colcon_core.plugin_system:Skipping extension 'colcon_notification.desktop_notification.win32': Not used on non-Windows systems
[0.604s] INFO:colcon.colcon_notification.desktop_notification:Sending desktop notification using 'notify2'
[0.622s] DEBUG:colcon.colcon_core.event_reactor:joined thread
[0.622s] INFO:colcon.colcon_core.shell:Creating prefix script '/home/asveenram/ros2_ws/install/local_setup.ps1'
[0.623s] INFO:colcon.colcon_core.shell:Creating prefix util module '/home/asveenram/ros2_ws/install/_local_setup_util_ps1.py'
[0.624s] INFO:colcon.colcon_core.shell:Creating prefix chain script '/home/asveenram/ros2_ws/install/setup.ps1'
[0.630s] INFO:colcon.colcon_core.shell:Creating prefix script '/home/asveenram/ros2_ws/install/local_setup.sh'
[0.630s] INFO:colcon.colcon_core.shell:Creating prefix util module '/home/asveenram/ros2_ws/install/_local_setup_util_sh.py'
[0.631s] INFO:colcon.colcon_core.shell:Creating prefix chain script '/home/asveenram/ros2_ws/install/setup.sh'
[0.636s] INFO:colcon.colcon_core.shell:Creating prefix script '/home/asveenram/ros2_ws/install/local_setup.bash'
[0.636s] INFO:colcon.colcon_core.shell:Creating prefix chain script '/home/asveenram/ros2_ws/install/setup.bash'
[0.642s] INFO:colcon.colcon_core.shell:Creating prefix script '/home/asveenram/ros2_ws/install/local_setup.zsh'
[0.642s] INFO:colcon.colcon_core.shell:Creating prefix chain script '/home/asveenram/ros2_ws/install/setup.zsh'
